1650844925964	geckodriver	INFO	Listening on 127.0.0.1:60177
1650844929005	mozrunner::runner	INFO	Running command: "C:\\Program Files\\Mozilla Firefox\\firefox.exe" "--marionette" "-no-remote" "-profile" "C:\\Users\\arthur\\AppData\\Local\\Temp\\rust_mozprofileHpllIQ"
1650844929770	Marionette	INFO	Marionette enabled
console.warn: SearchSettings: "get: No settings file exists, new profile?" (new NotFoundError("Could not open the file at C:\\Users\\arthur\\AppData\\Local\\Temp\\rust_mozprofileHpllIQ\\search.json.mozlz4", (void 0)))
1650844932039	Marionette	INFO	Listening on port 60230
Read port: 60230
1650844932127	RemoteAgent	WARN	TLS certificate errors will be ignored for this session
1650844938553	Marionette	WARN	Ignoring event 'pageshow' because document has an invalid readyState of 'uninitialized'.
1650844990834	Marionette	INFO	Stopped listening on port 60230

###!!! [Parent][PGPUParent] Error: RunMessage(msgname=PGPU::Msg_ShutdownVR) Channel closing: too late to send/recv, messages will be lost

1650853925690	geckodriver	INFO	Listening on 127.0.0.1:51396
1650853928749	mozrunner::runner	INFO	Running command: "C:\\Program Files\\Mozilla Firefox\\firefox.exe" "--marionette" "-no-remote" "-profile" "C:\\Users\\arthur\\AppData\\Local\\Temp\\rust_mozprofilePHlqUG"
1650853929628	Marionette	INFO	Marionette enabled
console.warn: SearchSettings: "get: No settings file exists, new profile?" (new NotFoundError("Could not open the file at C:\\Users\\arthur\\AppData\\Local\\Temp\\rust_mozprofilePHlqUG\\search.json.mozlz4", (void 0)))
1650853931592	Marionette	INFO	Listening on port 51423
Read port: 51423
1650853931638	RemoteAgent	WARN	TLS certificate errors will be ignored for this session
1650853938047	Marionette	WARN	Ignoring event 'pageshow' because document has an invalid readyState of 'uninitialized'.
1650853986487	Marionette	INFO	Stopped listening on port 51423
[Parent 10152, IPC I/O Parent] WARNING: file /builds/worker/checkouts/gecko/ipc/chromium/src/base/process_util_win.cc:167
[Parent 10152, IPC I/O Parent] WARNING: file /builds/worker/checkouts/gecko/ipc/chromium/src/base/process_util_win.cc:167
JavaScript error: resource://gre/modules/CrashManager.jsm, line 898: AbortError: IOUtils: Shutting down and refusing additional I/O tasks
1650853989948	geckodriver	INFO	Listening on 127.0.0.1:51546
1650853992973	mozrunner::runner	INFO	Running command: "C:\\Program Files\\Mozilla Firefox\\firefox.exe" "--marionette" "-no-remote" "-profile" "C:\\Users\\arthur\\AppData\\Local\\Temp\\rust_mozprofilezqSReD"
1650853993840	Marionette	INFO	Marionette enabled
console.warn: SearchSettings: "get: No settings file exists, new profile?" (new NotFoundError("Could not open the file at C:\\Users\\arthur\\AppData\\Local\\Temp\\rust_mozprofilezqSReD\\search.json.mozlz4", (void 0)))
1650853995851	Marionette	INFO	Listening on port 51594
Read port: 51594
1650853995893	RemoteAgent	WARN	TLS certificate errors will be ignored for this session
1650854108542	Marionette	INFO	Stopped listening on port 51594
1650854125672	geckodriver	INFO	Listening on 127.0.0.1:62790
1650854128699	mozrunner::runner	INFO	Running command: "C:\\Program Files\\Mozilla Firefox\\firefox.exe" "--marionette" "-no-remote" "-profile" "C:\\Users\\arthur\\AppData\\Local\\Temp\\rust_mozprofileD9hioL"
1650854129519	Marionette	INFO	Marionette enabled
console.warn: SearchSettings: "get: No settings file exists, new profile?" (new NotFoundError("Could not open the file at C:\\Users\\arthur\\AppData\\Local\\Temp\\rust_mozprofileD9hioL\\search.json.mozlz4", (void 0)))
1650854131268	Marionette	INFO	Listening on port 62828
Read port: 62828
1650854131386	RemoteAgent	WARN	TLS certificate errors will be ignored for this session
1650854172310	Marionette	INFO	Stopped listening on port 62828
